<?xml version="1.0" encoding="UTF-8"?>
<testsuite name="PrimaryTestCases" tests="4" skipped="0" failures="0" errors="0" timestamp="2024-04-16T16:32:42" hostname="DESKTOP-19909LK" time="4.439">
  <properties/>
  <testcase name="testSFW" classname="PrimaryTestCases" time="3.419"/>
  <testcase name="testSort" classname="PrimaryTestCases" time="0.262"/>
  <testcase name="testJoinAggregateSort_1" classname="PrimaryTestCases" time="0.478"/>
  <testcase name="testJoinAggregate_1" classname="PrimaryTestCases" time="0.278"/>
  <system-out><![CDATA[phyRelNode PProject
River 
Susan 
Walter 
Matthew 
Penelope 
Sidney 
Groucho 
Gina 
Warren 
Sylvester 
Susan 
Cameron 
Russell 
Morgan 
Morgan 
Harrison 
Dan 
Renee 
Cuba 
Warren 
Penelope 
Liza 
Salma 
Julianne 
Scarlett 
Albert 
Frances 
Kevin 
Cate 
Daryl 
Greta 
Jane 
Adam 
Richard 
Gene 
Rita 
Ed 
Morgan 
Lucille 
Ewan 
Whoopi 
Cate 
Jada 
Angela 
Kim 
Albert 
Fay 
Emily 
Russell 
Test passed :)
phyRelNode PSort
Test passed :)
phyRelNode PSort
Test passed :)
phyRelNode PAggregate
All three assertions passed 0
All three assertions passed 1 14596
All three assertions passed 2
Test passed :)
]]></system-out>
  <system-err><![CDATA[]]></system-err>
</testsuite>
